<?xml version="1.0" encoding="UTF-8"?>
<coverage generated="1758731113256" clover="3.2.0">
  <project timestamp="1758731113256" name="All files">
    <metrics statements="119" coveredstatements="115" conditionals="70" coveredconditionals="60" methods="61" coveredmethods="61" elements="250" coveredelements="236" complexity="0" loc="119" ncloc="119" packages="2" files="12" classes="12"/>
    <package name="components.layout">
      <metrics statements="9" coveredstatements="9" conditionals="4" coveredconditionals="4" methods="7" coveredmethods="7"/>
      <file name="Footer.jsx" path="/home/manoj/GoldenCity/Tokenestate3-GoldenCity/src/components/layout/Footer.jsx">
        <metrics statements="1" coveredstatements="1" conditionals="0" coveredconditionals="0" methods="1" coveredmethods="1"/>
        <line num="13" count="24" type="stmt"/>
      </file>
      <file name="Navbar.jsx" path="/home/manoj/GoldenCity/Tokenestate3-GoldenCity/src/components/layout/Navbar.jsx">
        <metrics statements="8" coveredstatements="8" conditionals="4" coveredconditionals="4" methods="6" coveredmethods="6"/>
        <line num="6" count="34" type="stmt"/>
        <line num="8" count="34" type="stmt"/>
        <line num="16" count="34" type="stmt"/>
        <line num="33" count="170" type="stmt"/>
        <line num="53" count="10" type="stmt"/>
        <line num="65" count="40" type="stmt"/>
        <line num="69" count="1" type="stmt"/>
        <line num="76" count="1" type="stmt"/>
      </file>
    </package>
    <package name="pages">
      <metrics statements="110" coveredstatements="106" conditionals="66" coveredconditionals="56" methods="54" coveredmethods="54"/>
      <file name="About.jsx" path="/home/manoj/GoldenCity/Tokenestate3-GoldenCity/src/pages/About.jsx">
        <metrics statements="7" coveredstatements="7" conditionals="0" coveredconditionals="0" methods="4" coveredmethods="4"/>
        <line num="15" count="35" type="stmt"/>
        <line num="38" count="35" type="stmt"/>
        <line num="68" count="35" type="stmt"/>
        <line num="86" count="35" type="stmt"/>
        <line num="114" count="140" type="stmt"/>
        <line num="208" count="140" type="stmt"/>
        <line num="242" count="105" type="stmt"/>
      </file>
      <file name="Blog.jsx" path="/home/manoj/GoldenCity/Tokenestate3-GoldenCity/src/pages/Blog.jsx">
        <metrics statements="14" coveredstatements="14" conditionals="6" coveredconditionals="6" methods="7" coveredmethods="7"/>
        <line num="7" count="39" type="stmt"/>
        <line num="8" count="39" type="stmt"/>
        <line num="10" count="39" type="stmt"/>
        <line num="19" count="39" type="stmt"/>
        <line num="88" count="39" type="stmt"/>
        <line num="89" count="234" type="cond" truecount="2" falsecount="0"/>
        <line num="91" count="234" type="cond" truecount="2" falsecount="0"/>
        <line num="92" count="234" type="cond" truecount="2" falsecount="0"/>
        <line num="95" count="39" type="stmt"/>
        <line num="122" count="8" type="stmt"/>
        <line num="130" count="7" type="stmt"/>
        <line num="133" count="234" type="stmt"/>
        <line num="146" count="174" type="stmt"/>
        <line num="162" count="605" type="stmt"/>
      </file>
      <file name="BlogPost.jsx" path="/home/manoj/GoldenCity/Tokenestate3-GoldenCity/src/pages/BlogPost.jsx">
        <metrics statements="3" coveredstatements="3" conditionals="0" coveredconditionals="0" methods="2" coveredmethods="2"/>
        <line num="8" count="23" type="stmt"/>
        <line num="51" count="23" type="stmt"/>
        <line num="144" count="92" type="stmt"/>
      </file>
      <file name="FAQ.jsx" path="/home/manoj/GoldenCity/Tokenestate3-GoldenCity/src/pages/FAQ.jsx">
        <metrics statements="8" coveredstatements="8" conditionals="4" coveredconditionals="4" methods="6" coveredmethods="6"/>
        <line num="6" count="36" type="stmt"/>
        <line num="8" count="36" type="stmt"/>
        <line num="180" count="36" type="stmt"/>
        <line num="181" count="14" type="stmt"/>
        <line num="188" count="36" type="stmt"/>
        <line num="203" count="216" type="stmt"/>
        <line num="209" count="1116" type="stmt"/>
        <line num="212" count="14" type="stmt"/>
      </file>
      <file name="Home.jsx" path="/home/manoj/GoldenCity/Tokenestate3-GoldenCity/src/pages/Home.jsx">
        <metrics statements="20" coveredstatements="20" conditionals="4" coveredconditionals="4" methods="12" coveredmethods="12"/>
        <line num="10" count="49" type="stmt"/>
        <line num="12" count="48" type="stmt"/>
        <line num="66" count="48" type="stmt"/>
        <line num="89" count="48" type="stmt"/>
        <line num="112" count="48" type="stmt"/>
        <line num="135" count="48" type="stmt"/>
        <line num="144" count="48" type="stmt"/>
        <line num="180" count="48" type="stmt"/>
        <line num="208" count="48" type="stmt"/>
        <line num="209" count="5" type="stmt"/>
        <line num="215" count="48" type="stmt"/>
        <line num="256" count="192" type="stmt"/>
        <line num="287" count="192" type="stmt"/>
        <line num="315" count="144" type="stmt"/>
        <line num="387" count="192" type="stmt"/>
        <line num="444" count="144" type="stmt"/>
        <line num="460" count="480" type="stmt"/>
        <line num="496" count="48" type="stmt"/>
        <line num="499" count="240" type="stmt"/>
        <line num="502" count="5" type="stmt"/>
      </file>
      <file name="NotFound.jsx" path="/home/manoj/GoldenCity/Tokenestate3-GoldenCity/src/pages/NotFound.jsx">
        <metrics statements="2" coveredstatements="2" conditionals="0" coveredconditionals="0" methods="1" coveredmethods="1"/>
        <line num="3" count="1" type="stmt"/>
        <line num="4" count="10" type="stmt"/>
      </file>
      <file name="Privacy.jsx" path="/home/manoj/GoldenCity/Tokenestate3-GoldenCity/src/pages/Privacy.jsx">
        <metrics statements="3" coveredstatements="3" conditionals="0" coveredconditionals="0" methods="2" coveredmethods="2"/>
        <line num="4" count="23" type="stmt"/>
        <line num="116" count="23" type="stmt"/>
        <line num="132" count="230" type="stmt"/>
      </file>
      <file name="Properties.jsx" path="/home/manoj/GoldenCity/Tokenestate3-GoldenCity/src/pages/Properties.jsx">
        <metrics statements="41" coveredstatements="37" conditionals="50" coveredconditionals="40" methods="13" coveredmethods="13"/>
        <line num="8" count="58" type="stmt"/>
        <line num="9" count="58" type="stmt"/>
        <line num="19" count="58" type="stmt"/>
        <line num="100" count="58" type="stmt"/>
        <line num="101" count="13" type="stmt"/>
        <line num="104" count="58" type="stmt"/>
        <line num="105" count="174" type="cond" truecount="4" falsecount="0"/>
        <line num="106" count="168" type="cond" truecount="4" falsecount="0"/>
        <line num="107" count="163" type="cond" truecount="4" falsecount="0"/>
        <line num="108" count="161" type="cond" truecount="2" falsecount="2"/>
        <line num="110" count="161" type="cond" truecount="2" falsecount="0"/>
        <line num="111" count="3" type="stmt"/>
        <line num="112" count="3" type="cond" truecount="4" falsecount="1"/>
        <line num="113" count="0" type="cond" truecount="0" falsecount="4"/>
        <line num="116" count="158" type="cond" truecount="2" falsecount="0"/>
        <line num="117" count="9" type="stmt"/>
        <line num="118" count="9" type="cond" truecount="3" falsecount="1"/>
        <line num="120" count="3" type="cond" truecount="1" falsecount="1"/>
        <line num="121" count="0" type="stmt"/>
        <line num="123" count="3" type="cond" truecount="4" falsecount="0"/>
        <line num="124" count="2" type="stmt"/>
        <line num="126" count="3" type="cond" truecount="2" falsecount="0"/>
        <line num="127" count="1" type="stmt"/>
        <line num="129" count="0" type="stmt"/>
        <line num="133" count="152" type="stmt"/>
        <line num="137" count="58" type="stmt"/>
        <line num="138" count="99" type="cond" truecount="4" falsecount="1"/>
        <line num="140" count="2" type="stmt"/>
        <line num="142" count="2" type="stmt"/>
        <line num="144" count="4" type="stmt"/>
        <line num="146" count="0" type="stmt"/>
        <line num="148" count="91" type="stmt"/>
        <line num="152" count="58" type="stmt"/>
        <line num="162" count="17" type="stmt"/>
        <line num="183" count="1" type="stmt"/>
        <line num="199" count="2" type="stmt"/>
        <line num="217" count="3" type="stmt"/>
        <line num="230" count="1" type="stmt"/>
        <line num="241" count="3" type="stmt"/>
        <line num="257" count="3" type="stmt"/>
        <line num="275" count="152" type="stmt"/>
      </file>
      <file name="Property3D.jsx" path="/home/manoj/GoldenCity/Tokenestate3-GoldenCity/src/pages/Property3D.jsx">
        <metrics statements="5" coveredstatements="5" conditionals="2" coveredconditionals="2" methods="3" coveredmethods="3"/>
        <line num="8" count="21" type="stmt"/>
        <line num="9" count="20" type="stmt"/>
        <line num="10" count="12" type="stmt"/>
        <line num="11" count="12" type="stmt"/>
        <line num="14" count="20" type="stmt"/>
      </file>
      <file name="PropertyDetail.jsx" path="/home/manoj/GoldenCity/Tokenestate3-GoldenCity/src/pages/PropertyDetail.jsx">
        <metrics statements="7" coveredstatements="7" conditionals="0" coveredconditionals="0" methods="4" coveredmethods="4"/>
        <line num="8" count="30" type="stmt"/>
        <line num="10" count="30" type="stmt"/>
        <line num="76" count="30" type="stmt"/>
        <line num="78" count="30" type="stmt"/>
        <line num="113" count="60" type="stmt"/>
        <line num="156" count="240" type="stmt"/>
        <line num="210" count="120" type="stmt"/>
      </file>
    </package>
  </project>
</coverage>
