{"/home/manoj/GoldenCity/Tokenestate3-GoldenCity/src/components/layout/Footer.jsx": {"path":"/home/manoj/GoldenCity/Tokenestate3-GoldenCity/src/components/layout/Footer.jsx","statementMap":{"0":{"start":{"line":13,"column":2},"end":{"line":111,"column":4}}},"fnMap":{"0":{"name":"Footer","decl":{"start":{"line":12,"column":9},"end":{"line":12,"column":15}},"loc":{"start":{"line":12,"column":18},"end":{"line":112,"column":1}},"line":12}},"branchMap":{},"s":{"0":24},"f":{"0":24},"b":{},"_coverageSchema":"1a1c01bbd47fc00a2c39e90264f33305004495a9","hash":"5b003311908d0775ff910d02263518cf713feb0d"}
,"/home/manoj/GoldenCity/Tokenestate3-GoldenCity/src/components/layout/Navbar.jsx": {"path":"/home/manoj/GoldenCity/Tokenestate3-GoldenCity/src/components/layout/Navbar.jsx","statementMap":{"0":{"start":{"line":6,"column":30},"end":{"line":6,"column":45}},"1":{"start":{"line":8,"column":21},"end":{"line":14,"column":3}},"2":{"start":{"line":16,"column":2},"end":{"line":85,"column":4}},"3":{"start":{"line":33,"column":14},"end":{"line":39,"column":21}},"4":{"start":{"line":53,"column":29},"end":{"line":53,"column":47}},"5":{"start":{"line":65,"column":16},"end":{"line":72,"column":23}},"6":{"start":{"line":69,"column":33},"end":{"line":69,"column":49}},"7":{"start":{"line":76,"column":31},"end":{"line":76,"column":47}}},"fnMap":{"0":{"name":"Navbar","decl":{"start":{"line":5,"column":9},"end":{"line":5,"column":15}},"loc":{"start":{"line":5,"column":18},"end":{"line":86,"column":1}},"line":5},"1":{"name":"(anonymous_1)","decl":{"start":{"line":32,"column":28},"end":{"line":32,"column":29}},"loc":{"start":{"line":33,"column":14},"end":{"line":39,"column":21}},"line":33},"2":{"name":"(anonymous_2)","decl":{"start":{"line":53,"column":23},"end":{"line":53,"column":24}},"loc":{"start":{"line":53,"column":29},"end":{"line":53,"column":47}},"line":53},"3":{"name":"(anonymous_3)","decl":{"start":{"line":64,"column":30},"end":{"line":64,"column":31}},"loc":{"start":{"line":65,"column":16},"end":{"line":72,"column":23}},"line":65},"4":{"name":"(anonymous_4)","decl":{"start":{"line":69,"column":27},"end":{"line":69,"column":28}},"loc":{"start":{"line":69,"column":33},"end":{"line":69,"column":49}},"line":69},"5":{"name":"(anonymous_5)","decl":{"start":{"line":76,"column":25},"end":{"line":76,"column":26}},"loc":{"start":{"line":76,"column":31},"end":{"line":76,"column":47}},"line":76}},"branchMap":{"0":{"loc":{"start":{"line":55,"column":15},"end":{"line":55,"column":64}},"type":"cond-expr","locations":[{"start":{"line":55,"column":24},"end":{"line":55,"column":41}},{"start":{"line":55,"column":44},"end":{"line":55,"column":64}}],"line":55},"1":{"loc":{"start":{"line":61,"column":9},"end":{"line":82,"column":9}},"type":"binary-expr","locations":[{"start":{"line":61,"column":9},"end":{"line":61,"column":15}},{"start":{"line":62,"column":10},"end":{"line":81,"column":16}}],"line":61}},"s":{"0":34,"1":34,"2":34,"3":170,"4":10,"5":40,"6":1,"7":1},"f":{"0":34,"1":170,"2":10,"3":40,"4":1,"5":1},"b":{"0":[8,26],"1":[34,8]},"_coverageSchema":"1a1c01bbd47fc00a2c39e90264f33305004495a9","hash":"2680f39b216dac4feb13dc64db47312b280ad826"}
,"/home/manoj/GoldenCity/Tokenestate3-GoldenCity/src/pages/About.jsx": {"path":"/home/manoj/GoldenCity/Tokenestate3-GoldenCity/src/pages/About.jsx","statementMap":{"0":{"start":{"line":15,"column":16},"end":{"line":36,"column":3}},"1":{"start":{"line":38,"column":15},"end":{"line":66,"column":3}},"2":{"start":{"line":68,"column":19},"end":{"line":84,"column":3}},"3":{"start":{"line":86,"column":2},"end":{"line":313,"column":4}},"4":{"start":{"line":114,"column":14},"end":{"line":127,"column":27}},"5":{"start":{"line":208,"column":14},"end":{"line":228,"column":27}},"6":{"start":{"line":242,"column":14},"end":{"line":254,"column":27}}},"fnMap":{"0":{"name":"About","decl":{"start":{"line":14,"column":9},"end":{"line":14,"column":14}},"loc":{"start":{"line":14,"column":17},"end":{"line":314,"column":1}},"line":14},"1":{"name":"(anonymous_1)","decl":{"start":{"line":113,"column":23},"end":{"line":113,"column":24}},"loc":{"start":{"line":114,"column":14},"end":{"line":127,"column":27}},"line":114},"2":{"name":"(anonymous_2)","decl":{"start":{"line":207,"column":22},"end":{"line":207,"column":23}},"loc":{"start":{"line":208,"column":14},"end":{"line":228,"column":27}},"line":208},"3":{"name":"(anonymous_3)","decl":{"start":{"line":241,"column":26},"end":{"line":241,"column":27}},"loc":{"start":{"line":242,"column":14},"end":{"line":254,"column":27}},"line":242}},"branchMap":{},"s":{"0":35,"1":35,"2":35,"3":35,"4":140,"5":140,"6":105},"f":{"0":35,"1":140,"2":140,"3":105},"b":{},"_coverageSchema":"1a1c01bbd47fc00a2c39e90264f33305004495a9","hash":"1b4990a81a2b86f63a1aadf6a70ba8aa9e49c03f"}
,"/home/manoj/GoldenCity/Tokenestate3-GoldenCity/src/pages/Blog.jsx": {"path":"/home/manoj/GoldenCity/Tokenestate3-GoldenCity/src/pages/Blog.jsx","statementMap":{"0":{"start":{"line":7,"column":38},"end":{"line":7,"column":50}},"1":{"start":{"line":8,"column":50},"end":{"line":8,"column":65}},"2":{"start":{"line":10,"column":21},"end":{"line":17,"column":3}},"3":{"start":{"line":19,"column":16},"end":{"line":86,"column":3}},"4":{"start":{"line":88,"column":24},"end":{"line":93,"column":4}},"5":{"start":{"line":89,"column":26},"end":{"line":90,"column":86}},"6":{"start":{"line":91,"column":28},"end":{"line":91,"column":92}},"7":{"start":{"line":92,"column":4},"end":{"line":92,"column":44}},"8":{"start":{"line":95,"column":2},"end":{"line":185,"column":4}},"9":{"start":{"line":122,"column":37},"end":{"line":122,"column":66}},"10":{"start":{"line":130,"column":35},"end":{"line":130,"column":70}},"11":{"start":{"line":133,"column":20},"end":{"line":135,"column":29}},"12":{"start":{"line":146,"column":12},"end":{"line":180,"column":29}},"13":{"start":{"line":162,"column":42},"end":{"line":162,"column":64}}},"fnMap":{"0":{"name":"Blog","decl":{"start":{"line":6,"column":9},"end":{"line":6,"column":13}},"loc":{"start":{"line":6,"column":16},"end":{"line":186,"column":1}},"line":6},"1":{"name":"(anonymous_1)","decl":{"start":{"line":88,"column":37},"end":{"line":88,"column":38}},"loc":{"start":{"line":88,"column":45},"end":{"line":93,"column":3}},"line":88},"2":{"name":"(anonymous_2)","decl":{"start":{"line":122,"column":30},"end":{"line":122,"column":31}},"loc":{"start":{"line":122,"column":37},"end":{"line":122,"column":66}},"line":122},"3":{"name":"(anonymous_3)","decl":{"start":{"line":130,"column":28},"end":{"line":130,"column":29}},"loc":{"start":{"line":130,"column":35},"end":{"line":130,"column":70}},"line":130},"4":{"name":"(anonymous_4)","decl":{"start":{"line":132,"column":34},"end":{"line":132,"column":35}},"loc":{"start":{"line":133,"column":20},"end":{"line":135,"column":29}},"line":133},"5":{"name":"(anonymous_5)","decl":{"start":{"line":145,"column":29},"end":{"line":145,"column":30}},"loc":{"start":{"line":146,"column":12},"end":{"line":180,"column":29}},"line":146},"6":{"name":"(anonymous_6)","decl":{"start":{"line":162,"column":37},"end":{"line":162,"column":38}},"loc":{"start":{"line":162,"column":42},"end":{"line":162,"column":64}},"line":162}},"branchMap":{"0":{"loc":{"start":{"line":89,"column":26},"end":{"line":90,"column":86}},"type":"binary-expr","locations":[{"start":{"line":89,"column":26},"end":{"line":89,"column":85}},{"start":{"line":90,"column":25},"end":{"line":90,"column":86}}],"line":89},"1":{"loc":{"start":{"line":91,"column":28},"end":{"line":91,"column":92}},"type":"binary-expr","locations":[{"start":{"line":91,"column":28},"end":{"line":91,"column":54}},{"start":{"line":91,"column":58},"end":{"line":91,"column":92}}],"line":91},"2":{"loc":{"start":{"line":92,"column":11},"end":{"line":92,"column":43}},"type":"binary-expr","locations":[{"start":{"line":92,"column":11},"end":{"line":92,"column":24}},{"start":{"line":92,"column":28},"end":{"line":92,"column":43}}],"line":92}},"s":{"0":39,"1":39,"2":39,"3":39,"4":39,"5":234,"6":234,"7":234,"8":39,"9":8,"10":7,"11":234,"12":174,"13":605},"f":{"0":39,"1":234,"2":8,"3":7,"4":234,"5":174,"6":605},"b":{"0":[234,31],"1":[234,48],"2":[234,204]},"_coverageSchema":"1a1c01bbd47fc00a2c39e90264f33305004495a9","hash":"254fcfc4ac805e91231c73daa7d08d8e142e3b70"}
,"/home/manoj/GoldenCity/Tokenestate3-GoldenCity/src/pages/BlogPost.jsx": {"path":"/home/manoj/GoldenCity/Tokenestate3-GoldenCity/src/pages/BlogPost.jsx","statementMap":{"0":{"start":{"line":8,"column":15},"end":{"line":49,"column":3}},"1":{"start":{"line":51,"column":2},"end":{"line":158,"column":4}},"2":{"start":{"line":144,"column":20},"end":{"line":149,"column":27}}},"fnMap":{"0":{"name":"BlogPost","decl":{"start":{"line":6,"column":9},"end":{"line":6,"column":17}},"loc":{"start":{"line":6,"column":20},"end":{"line":159,"column":1}},"line":6},"1":{"name":"(anonymous_1)","decl":{"start":{"line":143,"column":33},"end":{"line":143,"column":34}},"loc":{"start":{"line":144,"column":20},"end":{"line":149,"column":27}},"line":144}},"branchMap":{},"s":{"0":23,"1":23,"2":92},"f":{"0":23,"1":92},"b":{},"_coverageSchema":"1a1c01bbd47fc00a2c39e90264f33305004495a9","hash":"025974a08dce6d5d94f9542dc85fcb4ed685ad4f"}
,"/home/manoj/GoldenCity/Tokenestate3-GoldenCity/src/pages/FAQ.jsx": {"path":"/home/manoj/GoldenCity/Tokenestate3-GoldenCity/src/pages/FAQ.jsx","statementMap":{"0":{"start":{"line":6,"column":42},"end":{"line":6,"column":54}},"1":{"start":{"line":8,"column":22},"end":{"line":178,"column":3}},"2":{"start":{"line":180,"column":24},"end":{"line":185,"column":3}},"3":{"start":{"line":181,"column":4},"end":{"line":184,"column":8}},"4":{"start":{"line":181,"column":29},"end":{"line":184,"column":5}},"5":{"start":{"line":188,"column":2},"end":{"line":245,"column":4}},"6":{"start":{"line":203,"column":14},"end":{"line":239,"column":20}},"7":{"start":{"line":209,"column":20},"end":{"line":236,"column":26}},"8":{"start":{"line":212,"column":39},"end":{"line":212,"column":82}}},"fnMap":{"0":{"name":"FAQ","decl":{"start":{"line":5,"column":9},"end":{"line":5,"column":12}},"loc":{"start":{"line":5,"column":15},"end":{"line":246,"column":1}},"line":5},"1":{"name":"(anonymous_1)","decl":{"start":{"line":180,"column":24},"end":{"line":180,"column":25}},"loc":{"start":{"line":180,"column":57},"end":{"line":185,"column":3}},"line":180},"2":{"name":"(anonymous_2)","decl":{"start":{"line":181,"column":20},"end":{"line":181,"column":21}},"loc":{"start":{"line":181,"column":29},"end":{"line":184,"column":5}},"line":181},"3":{"name":"(anonymous_3)","decl":{"start":{"line":202,"column":29},"end":{"line":202,"column":30}},"loc":{"start":{"line":203,"column":14},"end":{"line":239,"column":20}},"line":203},"4":{"name":"(anonymous_4)","decl":{"start":{"line":208,"column":41},"end":{"line":208,"column":42}},"loc":{"start":{"line":209,"column":20},"end":{"line":236,"column":26}},"line":209},"5":{"name":"(anonymous_5)","decl":{"start":{"line":212,"column":33},"end":{"line":212,"column":34}},"loc":{"start":{"line":212,"column":39},"end":{"line":212,"column":82}},"line":212}},"branchMap":{"0":{"loc":{"start":{"line":215,"column":25},"end":{"line":219,"column":25}},"type":"cond-expr","locations":[{"start":{"line":216,"column":26},"end":{"line":216,"column":72}},{"start":{"line":218,"column":26},"end":{"line":218,"column":74}}],"line":215},"1":{"loc":{"start":{"line":222,"column":25},"end":{"line":234,"column":25}},"type":"binary-expr","locations":[{"start":{"line":222,"column":25},"end":{"line":222,"column":74}},{"start":{"line":223,"column":26},"end":{"line":233,"column":39}}],"line":222}},"s":{"0":36,"1":36,"2":36,"3":14,"4":14,"5":36,"6":216,"7":1116,"8":14},"f":{"0":36,"1":14,"2":14,"3":216,"4":1116,"5":14},"b":{"0":[16,1100],"1":[1116,16]},"_coverageSchema":"1a1c01bbd47fc00a2c39e90264f33305004495a9","hash":"a2d065573fce5f115f4ce2ea9dd067c1c9e03d21"}
,"/home/manoj/GoldenCity/Tokenestate3-GoldenCity/src/pages/Home.jsx": {"path":"/home/manoj/GoldenCity/Tokenestate3-GoldenCity/src/pages/Home.jsx","statementMap":{"0":{"start":{"line":10,"column":42},"end":{"line":10,"column":54}},"1":{"start":{"line":12,"column":29},"end":{"line":64,"column":3}},"2":{"start":{"line":66,"column":21},"end":{"line":87,"column":3}},"3":{"start":{"line":89,"column":26},"end":{"line":110,"column":3}},"4":{"start":{"line":112,"column":21},"end":{"line":133,"column":3}},"5":{"start":{"line":135,"column":21},"end":{"line":142,"column":3}},"6":{"start":{"line":144,"column":20},"end":{"line":178,"column":3}},"7":{"start":{"line":180,"column":22},"end":{"line":206,"column":3}},"8":{"start":{"line":208,"column":24},"end":{"line":213,"column":3}},"9":{"start":{"line":209,"column":4},"end":{"line":212,"column":8}},"10":{"start":{"line":209,"column":29},"end":{"line":212,"column":5}},"11":{"start":{"line":215,"column":2},"end":{"line":613,"column":4}},"12":{"start":{"line":256,"column":12},"end":{"line":272,"column":25}},"13":{"start":{"line":287,"column":14},"end":{"line":300,"column":27}},"14":{"start":{"line":315,"column":12},"end":{"line":372,"column":25}},"15":{"start":{"line":387,"column":14},"end":{"line":398,"column":27}},"16":{"start":{"line":444,"column":12},"end":{"line":478,"column":29}},"17":{"start":{"line":460,"column":42},"end":{"line":460,"column":64}},"18":{"start":{"line":496,"column":14},"end":{"line":529,"column":20}},"19":{"start":{"line":499,"column":20},"end":{"line":526,"column":26}},"20":{"start":{"line":502,"column":39},"end":{"line":502,"column":82}}},"fnMap":{"0":{"name":"Home","decl":{"start":{"line":9,"column":9},"end":{"line":9,"column":13}},"loc":{"start":{"line":9,"column":16},"end":{"line":614,"column":1}},"line":9},"1":{"name":"(anonymous_1)","decl":{"start":{"line":208,"column":24},"end":{"line":208,"column":25}},"loc":{"start":{"line":208,"column":57},"end":{"line":213,"column":3}},"line":208},"2":{"name":"(anonymous_2)","decl":{"start":{"line":209,"column":20},"end":{"line":209,"column":21}},"loc":{"start":{"line":209,"column":29},"end":{"line":212,"column":5}},"line":209},"3":{"name":"(anonymous_3)","decl":{"start":{"line":255,"column":31},"end":{"line":255,"column":32}},"loc":{"start":{"line":256,"column":12},"end":{"line":272,"column":25}},"line":256},"4":{"name":"(anonymous_4)","decl":{"start":{"line":286,"column":28},"end":{"line":286,"column":29}},"loc":{"start":{"line":287,"column":14},"end":{"line":300,"column":27}},"line":287},"5":{"name":"(anonymous_5)","decl":{"start":{"line":314,"column":34},"end":{"line":314,"column":35}},"loc":{"start":{"line":315,"column":12},"end":{"line":372,"column":25}},"line":315},"6":{"name":"(anonymous_6)","decl":{"start":{"line":386,"column":28},"end":{"line":386,"column":29}},"loc":{"start":{"line":387,"column":14},"end":{"line":398,"column":27}},"line":387},"7":{"name":"(anonymous_7)","decl":{"start":{"line":443,"column":25},"end":{"line":443,"column":26}},"loc":{"start":{"line":444,"column":12},"end":{"line":478,"column":29}},"line":444},"8":{"name":"(anonymous_8)","decl":{"start":{"line":460,"column":37},"end":{"line":460,"column":38}},"loc":{"start":{"line":460,"column":42},"end":{"line":460,"column":64}},"line":460},"9":{"name":"(anonymous_9)","decl":{"start":{"line":495,"column":29},"end":{"line":495,"column":30}},"loc":{"start":{"line":496,"column":14},"end":{"line":529,"column":20}},"line":496},"10":{"name":"(anonymous_10)","decl":{"start":{"line":498,"column":41},"end":{"line":498,"column":42}},"loc":{"start":{"line":499,"column":20},"end":{"line":526,"column":26}},"line":499},"11":{"name":"(anonymous_11)","decl":{"start":{"line":502,"column":33},"end":{"line":502,"column":34}},"loc":{"start":{"line":502,"column":39},"end":{"line":502,"column":82}},"line":502}},"branchMap":{"0":{"loc":{"start":{"line":505,"column":25},"end":{"line":509,"column":25}},"type":"cond-expr","locations":[{"start":{"line":506,"column":26},"end":{"line":506,"column":72}},{"start":{"line":508,"column":26},"end":{"line":508,"column":74}}],"line":505},"1":{"loc":{"start":{"line":512,"column":25},"end":{"line":524,"column":25}},"type":"binary-expr","locations":[{"start":{"line":512,"column":25},"end":{"line":512,"column":74}},{"start":{"line":513,"column":26},"end":{"line":523,"column":39}}],"line":512}},"s":{"0":49,"1":48,"2":48,"3":48,"4":48,"5":48,"6":48,"7":48,"8":48,"9":5,"10":5,"11":48,"12":192,"13":192,"14":144,"15":192,"16":144,"17":480,"18":48,"19":240,"20":5},"f":{"0":49,"1":5,"2":5,"3":192,"4":192,"5":144,"6":192,"7":144,"8":480,"9":48,"10":240,"11":5},"b":{"0":[5,235],"1":[240,5]},"_coverageSchema":"1a1c01bbd47fc00a2c39e90264f33305004495a9","hash":"5cc4e7a017b4de3780807c25e15ac30cec39b63b"}
,"/home/manoj/GoldenCity/Tokenestate3-GoldenCity/src/pages/NotFound.jsx": {"path":"/home/manoj/GoldenCity/Tokenestate3-GoldenCity/src/pages/NotFound.jsx","statementMap":{"0":{"start":{"line":3,"column":17},"end":{"line":12,"column":1}},"1":{"start":{"line":4,"column":4},"end":{"line":11,"column":5}}},"fnMap":{"0":{"name":"(anonymous_0)","decl":{"start":{"line":3,"column":17},"end":{"line":3,"column":18}},"loc":{"start":{"line":3,"column":23},"end":{"line":12,"column":1}},"line":3}},"branchMap":{},"s":{"0":1,"1":10},"f":{"0":10},"b":{},"_coverageSchema":"1a1c01bbd47fc00a2c39e90264f33305004495a9","hash":"978fd2c843a4dc646d7b9936c8082ea2d782ea0c"}
,"/home/manoj/GoldenCity/Tokenestate3-GoldenCity/src/pages/Privacy.jsx": {"path":"/home/manoj/GoldenCity/Tokenestate3-GoldenCity/src/pages/Privacy.jsx","statementMap":{"0":{"start":{"line":4,"column":19},"end":{"line":114,"column":3}},"1":{"start":{"line":116,"column":2},"end":{"line":150,"column":4}},"2":{"start":{"line":132,"column":16},"end":{"line":143,"column":29}}},"fnMap":{"0":{"name":"Privacy","decl":{"start":{"line":3,"column":9},"end":{"line":3,"column":16}},"loc":{"start":{"line":3,"column":19},"end":{"line":151,"column":1}},"line":3},"1":{"name":"(anonymous_1)","decl":{"start":{"line":131,"column":28},"end":{"line":131,"column":29}},"loc":{"start":{"line":132,"column":16},"end":{"line":143,"column":29}},"line":132}},"branchMap":{},"s":{"0":23,"1":23,"2":230},"f":{"0":23,"1":230},"b":{},"_coverageSchema":"1a1c01bbd47fc00a2c39e90264f33305004495a9","hash":"753e6ca99b4f4ae972d9ad69aac2fb2f2eeae36e"}
,"/home/manoj/GoldenCity/Tokenestate3-GoldenCity/src/pages/Properties.jsx": {"path":"/home/manoj/GoldenCity/Tokenestate3-GoldenCity/src/pages/Properties.jsx","statementMap":{"0":{"start":{"line":8,"column":40},"end":{"line":8,"column":55}},"1":{"start":{"line":9,"column":32},"end":{"line":17,"column":4}},"2":{"start":{"line":19,"column":21},"end":{"line":98,"column":3}},"3":{"start":{"line":100,"column":29},"end":{"line":102,"column":3}},"4":{"start":{"line":101,"column":4},"end":{"line":101,"column":52}},"5":{"start":{"line":101,"column":24},"end":{"line":101,"column":49}},"6":{"start":{"line":104,"column":29},"end":{"line":134,"column":4}},"7":{"start":{"line":105,"column":4},"end":{"line":105,"column":95}},"8":{"start":{"line":105,"column":82},"end":{"line":105,"column":95}},"9":{"start":{"line":106,"column":4},"end":{"line":106,"column":116}},"10":{"start":{"line":106,"column":103},"end":{"line":106,"column":116}},"11":{"start":{"line":107,"column":4},"end":{"line":107,"column":94}},"12":{"start":{"line":107,"column":81},"end":{"line":107,"column":94}},"13":{"start":{"line":108,"column":4},"end":{"line":108,"column":94}},"14":{"start":{"line":108,"column":81},"end":{"line":108,"column":94}},"15":{"start":{"line":110,"column":4},"end":{"line":114,"column":5}},"16":{"start":{"line":111,"column":25},"end":{"line":111,"column":66}},"17":{"start":{"line":112,"column":6},"end":{"line":112,"column":86}},"18":{"start":{"line":112,"column":73},"end":{"line":112,"column":86}},"19":{"start":{"line":113,"column":6},"end":{"line":113,"column":57}},"20":{"start":{"line":113,"column":44},"end":{"line":113,"column":57}},"21":{"start":{"line":116,"column":4},"end":{"line":131,"column":5}},"22":{"start":{"line":117,"column":31},"end":{"line":117,"column":64}},"23":{"start":{"line":118,"column":6},"end":{"line":130,"column":7}},"24":{"start":{"line":120,"column":10},"end":{"line":120,"column":50}},"25":{"start":{"line":120,"column":37},"end":{"line":120,"column":50}},"26":{"start":{"line":121,"column":10},"end":{"line":121,"column":16}},"27":{"start":{"line":123,"column":10},"end":{"line":123,"column":76}},"28":{"start":{"line":123,"column":63},"end":{"line":123,"column":76}},"29":{"start":{"line":124,"column":10},"end":{"line":124,"column":16}},"30":{"start":{"line":126,"column":10},"end":{"line":126,"column":50}},"31":{"start":{"line":126,"column":37},"end":{"line":126,"column":50}},"32":{"start":{"line":127,"column":10},"end":{"line":127,"column":16}},"33":{"start":{"line":129,"column":10},"end":{"line":129,"column":15}},"34":{"start":{"line":133,"column":4},"end":{"line":133,"column":16}},"35":{"start":{"line":137,"column":27},"end":{"line":150,"column":4}},"36":{"start":{"line":138,"column":4},"end":{"line":149,"column":5}},"37":{"start":{"line":140,"column":8},"end":{"line":140,"column":41}},"38":{"start":{"line":142,"column":8},"end":{"line":142,"column":41}},"39":{"start":{"line":144,"column":8},"end":{"line":144,"column":53}},"40":{"start":{"line":146,"column":8},"end":{"line":146,"column":71}},"41":{"start":{"line":148,"column":8},"end":{"line":148,"column":17}},"42":{"start":{"line":152,"column":2},"end":{"line":374,"column":4}},"43":{"start":{"line":162,"column":31},"end":{"line":162,"column":59}},"44":{"start":{"line":183,"column":35},"end":{"line":183,"column":83}},"45":{"start":{"line":199,"column":35},"end":{"line":199,"column":85}},"46":{"start":{"line":217,"column":35},"end":{"line":217,"column":81}},"47":{"start":{"line":230,"column":35},"end":{"line":230,"column":79}},"48":{"start":{"line":241,"column":35},"end":{"line":241,"column":86}},"49":{"start":{"line":257,"column":35},"end":{"line":257,"column":79}},"50":{"start":{"line":275,"column":12},"end":{"line":369,"column":25}}},"fnMap":{"0":{"name":"Properties","decl":{"start":{"line":7,"column":9},"end":{"line":7,"column":19}},"loc":{"start":{"line":7,"column":22},"end":{"line":375,"column":1}},"line":7},"1":{"name":"(anonymous_1)","decl":{"start":{"line":100,"column":29},"end":{"line":100,"column":30}},"loc":{"start":{"line":100,"column":45},"end":{"line":102,"column":3}},"line":100},"2":{"name":"(anonymous_2)","decl":{"start":{"line":101,"column":15},"end":{"line":101,"column":16}},"loc":{"start":{"line":101,"column":24},"end":{"line":101,"column":49}},"line":101},"3":{"name":"(anonymous_3)","decl":{"start":{"line":104,"column":47},"end":{"line":104,"column":48}},"loc":{"start":{"line":104,"column":59},"end":{"line":134,"column":3}},"line":104},"4":{"name":"(anonymous_4)","decl":{"start":{"line":137,"column":56},"end":{"line":137,"column":57}},"loc":{"start":{"line":137,"column":66},"end":{"line":150,"column":3}},"line":137},"5":{"name":"(anonymous_5)","decl":{"start":{"line":162,"column":25},"end":{"line":162,"column":26}},"loc":{"start":{"line":162,"column":31},"end":{"line":162,"column":59}},"line":162},"6":{"name":"(anonymous_6)","decl":{"start":{"line":183,"column":28},"end":{"line":183,"column":29}},"loc":{"start":{"line":183,"column":35},"end":{"line":183,"column":83}},"line":183},"7":{"name":"(anonymous_7)","decl":{"start":{"line":199,"column":28},"end":{"line":199,"column":29}},"loc":{"start":{"line":199,"column":35},"end":{"line":199,"column":85}},"line":199},"8":{"name":"(anonymous_8)","decl":{"start":{"line":217,"column":28},"end":{"line":217,"column":29}},"loc":{"start":{"line":217,"column":35},"end":{"line":217,"column":81}},"line":217},"9":{"name":"(anonymous_9)","decl":{"start":{"line":230,"column":28},"end":{"line":230,"column":29}},"loc":{"start":{"line":230,"column":35},"end":{"line":230,"column":79}},"line":230},"10":{"name":"(anonymous_10)","decl":{"start":{"line":241,"column":28},"end":{"line":241,"column":29}},"loc":{"start":{"line":241,"column":35},"end":{"line":241,"column":86}},"line":241},"11":{"name":"(anonymous_11)","decl":{"start":{"line":257,"column":28},"end":{"line":257,"column":29}},"loc":{"start":{"line":257,"column":35},"end":{"line":257,"column":79}},"line":257},"12":{"name":"(anonymous_12)","decl":{"start":{"line":274,"column":32},"end":{"line":274,"column":33}},"loc":{"start":{"line":275,"column":12},"end":{"line":369,"column":25}},"line":275}},"branchMap":{"0":{"loc":{"start":{"line":105,"column":4},"end":{"line":105,"column":95}},"type":"if","locations":[{"start":{"line":105,"column":4},"end":{"line":105,"column":95}},{"start":{},"end":{}}],"line":105},"1":{"loc":{"start":{"line":105,"column":8},"end":{"line":105,"column":80}},"type":"binary-expr","locations":[{"start":{"line":105,"column":8},"end":{"line":105,"column":38}},{"start":{"line":105,"column":42},"end":{"line":105,"column":80}}],"line":105},"2":{"loc":{"start":{"line":106,"column":4},"end":{"line":106,"column":116}},"type":"if","locations":[{"start":{"line":106,"column":4},"end":{"line":106,"column":116}},{"start":{},"end":{}}],"line":106},"3":{"loc":{"start":{"line":106,"column":8},"end":{"line":106,"column":101}},"type":"binary-expr","locations":[{"start":{"line":106,"column":8},"end":{"line":106,"column":24}},{"start":{"line":106,"column":28},"end":{"line":106,"column":101}}],"line":106},"4":{"loc":{"start":{"line":107,"column":4},"end":{"line":107,"column":94}},"type":"if","locations":[{"start":{"line":107,"column":4},"end":{"line":107,"column":94}},{"start":{},"end":{}}],"line":107},"5":{"loc":{"start":{"line":107,"column":8},"end":{"line":107,"column":79}},"type":"binary-expr","locations":[{"start":{"line":107,"column":8},"end":{"line":107,"column":22}},{"start":{"line":107,"column":26},"end":{"line":107,"column":79}}],"line":107},"6":{"loc":{"start":{"line":108,"column":4},"end":{"line":108,"column":94}},"type":"if","locations":[{"start":{"line":108,"column":4},"end":{"line":108,"column":94}},{"start":{},"end":{}}],"line":108},"7":{"loc":{"start":{"line":108,"column":8},"end":{"line":108,"column":79}},"type":"binary-expr","locations":[{"start":{"line":108,"column":8},"end":{"line":108,"column":22}},{"start":{"line":108,"column":26},"end":{"line":108,"column":79}}],"line":108},"8":{"loc":{"start":{"line":110,"column":4},"end":{"line":114,"column":5}},"type":"if","locations":[{"start":{"line":110,"column":4},"end":{"line":114,"column":5}},{"start":{},"end":{}}],"line":110},"9":{"loc":{"start":{"line":112,"column":6},"end":{"line":112,"column":86}},"type":"if","locations":[{"start":{"line":112,"column":6},"end":{"line":112,"column":86}},{"start":{},"end":{}}],"line":112},"10":{"loc":{"start":{"line":112,"column":10},"end":{"line":112,"column":71}},"type":"binary-expr","locations":[{"start":{"line":112,"column":10},"end":{"line":112,"column":13}},{"start":{"line":112,"column":18},"end":{"line":112,"column":42}},{"start":{"line":112,"column":46},"end":{"line":112,"column":70}}],"line":112},"11":{"loc":{"start":{"line":113,"column":6},"end":{"line":113,"column":57}},"type":"if","locations":[{"start":{"line":113,"column":6},"end":{"line":113,"column":57}},{"start":{},"end":{}}],"line":113},"12":{"loc":{"start":{"line":113,"column":10},"end":{"line":113,"column":42}},"type":"binary-expr","locations":[{"start":{"line":113,"column":10},"end":{"line":113,"column":14}},{"start":{"line":113,"column":18},"end":{"line":113,"column":42}}],"line":113},"13":{"loc":{"start":{"line":116,"column":4},"end":{"line":131,"column":5}},"type":"if","locations":[{"start":{"line":116,"column":4},"end":{"line":131,"column":5}},{"start":{},"end":{}}],"line":116},"14":{"loc":{"start":{"line":118,"column":6},"end":{"line":130,"column":7}},"type":"switch","locations":[{"start":{"line":119,"column":8},"end":{"line":121,"column":16}},{"start":{"line":122,"column":8},"end":{"line":124,"column":16}},{"start":{"line":125,"column":8},"end":{"line":127,"column":16}},{"start":{"line":128,"column":8},"end":{"line":129,"column":15}}],"line":118},"15":{"loc":{"start":{"line":120,"column":10},"end":{"line":120,"column":50}},"type":"if","locations":[{"start":{"line":120,"column":10},"end":{"line":120,"column":50}},{"start":{},"end":{}}],"line":120},"16":{"loc":{"start":{"line":123,"column":10},"end":{"line":123,"column":76}},"type":"if","locations":[{"start":{"line":123,"column":10},"end":{"line":123,"column":76}},{"start":{},"end":{}}],"line":123},"17":{"loc":{"start":{"line":123,"column":14},"end":{"line":123,"column":61}},"type":"binary-expr","locations":[{"start":{"line":123,"column":14},"end":{"line":123,"column":35}},{"start":{"line":123,"column":39},"end":{"line":123,"column":61}}],"line":123},"18":{"loc":{"start":{"line":126,"column":10},"end":{"line":126,"column":50}},"type":"if","locations":[{"start":{"line":126,"column":10},"end":{"line":126,"column":50}},{"start":{},"end":{}}],"line":126},"19":{"loc":{"start":{"line":138,"column":4},"end":{"line":149,"column":5}},"type":"switch","locations":[{"start":{"line":139,"column":6},"end":{"line":140,"column":41}},{"start":{"line":141,"column":6},"end":{"line":142,"column":41}},{"start":{"line":143,"column":6},"end":{"line":144,"column":53}},{"start":{"line":145,"column":6},"end":{"line":146,"column":71}},{"start":{"line":147,"column":6},"end":{"line":148,"column":17}}],"line":138},"20":{"loc":{"start":{"line":161,"column":45},"end":{"line":161,"column":119}},"type":"cond-expr","locations":[{"start":{"line":161,"column":59},"end":{"line":161,"column":92}},{"start":{"line":161,"column":95},"end":{"line":161,"column":119}}],"line":161},"21":{"loc":{"start":{"line":172,"column":7},"end":{"line":269,"column":7}},"type":"binary-expr","locations":[{"start":{"line":172,"column":7},"end":{"line":172,"column":18}},{"start":{"line":173,"column":8},"end":{"line":268,"column":14}}],"line":172}},"s":{"0":58,"1":58,"2":58,"3":58,"4":13,"5":13,"6":58,"7":174,"8":6,"9":168,"10":5,"11":163,"12":2,"13":161,"14":0,"15":161,"16":3,"17":3,"18":3,"19":0,"20":0,"21":158,"22":9,"23":9,"24":3,"25":3,"26":0,"27":3,"28":1,"29":2,"30":3,"31":2,"32":1,"33":0,"34":152,"35":58,"36":99,"37":2,"38":2,"39":4,"40":0,"41":91,"42":58,"43":17,"44":1,"45":2,"46":3,"47":1,"48":3,"49":3,"50":152},"f":{"0":58,"1":13,"2":13,"3":174,"4":99,"5":17,"6":1,"7":2,"8":3,"9":1,"10":3,"11":3,"12":152},"b":{"0":[6,168],"1":[174,9],"2":[5,163],"3":[168,7],"4":[2,161],"5":[163,3],"6":[0,161],"7":[161,0],"8":[3,158],"9":[3,0],"10":[3,3,3],"11":[0,0],"12":[0,0],"13":[9,149],"14":[3,3,3,0],"15":[3,0],"16":[1,2],"17":[3,3],"18":[2,1],"19":[2,2,4,0,91],"20":[29,29],"21":[58,29]},"_coverageSchema":"1a1c01bbd47fc00a2c39e90264f33305004495a9","hash":"88493ad30a14a6326785e1a3b071f54997167cf2"}
,"/home/manoj/GoldenCity/Tokenestate3-GoldenCity/src/pages/Property3D.jsx": {"path":"/home/manoj/GoldenCity/Tokenestate3-GoldenCity/src/pages/Property3D.jsx","statementMap":{"0":{"start":{"line":8,"column":32},"end":{"line":8,"column":46}},"1":{"start":{"line":9,"column":4},"end":{"line":13,"column":9}},"2":{"start":{"line":10,"column":6},"end":{"line":12,"column":15}},"3":{"start":{"line":11,"column":8},"end":{"line":11,"column":26}},"4":{"start":{"line":14,"column":2},"end":{"line":26,"column":4}}},"fnMap":{"0":{"name":"App","decl":{"start":{"line":7,"column":9},"end":{"line":7,"column":12}},"loc":{"start":{"line":7,"column":15},"end":{"line":27,"column":1}},"line":7},"1":{"name":"(anonymous_1)","decl":{"start":{"line":9,"column":14},"end":{"line":9,"column":15}},"loc":{"start":{"line":9,"column":20},"end":{"line":13,"column":3}},"line":9},"2":{"name":"(anonymous_2)","decl":{"start":{"line":10,"column":17},"end":{"line":10,"column":18}},"loc":{"start":{"line":10,"column":23},"end":{"line":12,"column":7}},"line":10}},"branchMap":{"0":{"loc":{"start":{"line":16,"column":7},"end":{"line":18,"column":12}},"type":"cond-expr","locations":[{"start":{"line":17,"column":8},"end":{"line":17,"column":174}},{"start":{"line":18,"column":8},"end":{"line":18,"column":12}}],"line":16}},"s":{"0":21,"1":20,"2":12,"3":12,"4":20},"f":{"0":21,"1":12,"2":12},"b":{"0":[12,8]},"_coverageSchema":"1a1c01bbd47fc00a2c39e90264f33305004495a9","hash":"86df7021e05d5c65f22be58840049b2bcaf4b99a"}
,"/home/manoj/GoldenCity/Tokenestate3-GoldenCity/src/pages/PropertyDetail.jsx": {"path":"/home/manoj/GoldenCity/Tokenestate3-GoldenCity/src/pages/PropertyDetail.jsx","statementMap":{"0":{"start":{"line":8,"column":17},"end":{"line":8,"column":28}},"1":{"start":{"line":10,"column":19},"end":{"line":74,"column":3}},"2":{"start":{"line":76,"column":19},"end":{"line":76,"column":39}},"3":{"start":{"line":78,"column":2},"end":{"line":338,"column":4}},"4":{"start":{"line":113,"column":18},"end":{"line":119,"column":24}},"5":{"start":{"line":156,"column":18},"end":{"line":159,"column":24}},"6":{"start":{"line":210,"column":22},"end":{"line":213,"column":28}}},"fnMap":{"0":{"name":"PropertyDetail","decl":{"start":{"line":7,"column":9},"end":{"line":7,"column":23}},"loc":{"start":{"line":7,"column":26},"end":{"line":339,"column":1}},"line":7},"1":{"name":"(anonymous_1)","decl":{"start":{"line":112,"column":46},"end":{"line":112,"column":47}},"loc":{"start":{"line":113,"column":18},"end":{"line":119,"column":24}},"line":113},"2":{"name":"(anonymous_2)","decl":{"start":{"line":155,"column":39},"end":{"line":155,"column":40}},"loc":{"start":{"line":156,"column":18},"end":{"line":159,"column":24}},"line":156},"3":{"name":"(anonymous_3)","decl":{"start":{"line":209,"column":70},"end":{"line":209,"column":71}},"loc":{"start":{"line":210,"column":22},"end":{"line":213,"column":28}},"line":210}},"branchMap":{},"s":{"0":30,"1":30,"2":30,"3":30,"4":60,"5":240,"6":120},"f":{"0":30,"1":60,"2":240,"3":120},"b":{},"_coverageSchema":"1a1c01bbd47fc00a2c39e90264f33305004495a9","hash":"e1c02ae13dd063475c2473907ba95df1271f7319"}
}
