TN:
SF:src/components/layout/Footer.jsx
FN:12,Footer
FNF:1
FNH:1
FNDA:24,Footer
DA:13,24
LF:1
LH:1
BRF:0
BRH:0
end_of_record
TN:
SF:src/components/layout/Navbar.jsx
FN:5,Navbar
FN:32,(anonymous_1)
FN:53,(anonymous_2)
FN:64,(anonymous_3)
FN:69,(anonymous_4)
FN:76,(anonymous_5)
FNF:6
FNH:6
FNDA:34,Navbar
FNDA:170,(anonymous_1)
FNDA:10,(anonymous_2)
FNDA:40,(anonymous_3)
FNDA:1,(anonymous_4)
FNDA:1,(anonymous_5)
DA:6,34
DA:8,34
DA:16,34
DA:33,170
DA:53,10
DA:65,40
DA:69,1
DA:76,1
LF:8
LH:8
BRDA:55,0,0,8
BRDA:55,0,1,26
BRDA:61,1,0,34
BRDA:61,1,1,8
BRF:4
BRH:4
end_of_record
TN:
SF:src/pages/About.jsx
FN:14,About
FN:113,(anonymous_1)
FN:207,(anonymous_2)
FN:241,(anonymous_3)
FNF:4
FNH:4
FNDA:35,About
FNDA:140,(anonymous_1)
FNDA:140,(anonymous_2)
FNDA:105,(anonymous_3)
DA:15,35
DA:38,35
DA:68,35
DA:86,35
DA:114,140
DA:208,140
DA:242,105
LF:7
LH:7
BRF:0
BRH:0
end_of_record
TN:
SF:src/pages/Blog.jsx
FN:6,Blog
FN:88,(anonymous_1)
FN:122,(anonymous_2)
FN:130,(anonymous_3)
FN:132,(anonymous_4)
FN:145,(anonymous_5)
FN:162,(anonymous_6)
FNF:7
FNH:7
FNDA:39,Blog
FNDA:234,(anonymous_1)
FNDA:8,(anonymous_2)
FNDA:7,(anonymous_3)
FNDA:234,(anonymous_4)
FNDA:174,(anonymous_5)
FNDA:605,(anonymous_6)
DA:7,39
DA:8,39
DA:10,39
DA:19,39
DA:88,39
DA:89,234
DA:91,234
DA:92,234
DA:95,39
DA:122,8
DA:130,7
DA:133,234
DA:146,174
DA:162,605
LF:14
LH:14
BRDA:89,0,0,234
BRDA:89,0,1,31
BRDA:91,1,0,234
BRDA:91,1,1,48
BRDA:92,2,0,234
BRDA:92,2,1,204
BRF:6
BRH:6
end_of_record
TN:
SF:src/pages/BlogPost.jsx
FN:6,BlogPost
FN:143,(anonymous_1)
FNF:2
FNH:2
FNDA:23,BlogPost
FNDA:92,(anonymous_1)
DA:8,23
DA:51,23
DA:144,92
LF:3
LH:3
BRF:0
BRH:0
end_of_record
TN:
SF:src/pages/FAQ.jsx
FN:5,FAQ
FN:180,(anonymous_1)
FN:181,(anonymous_2)
FN:202,(anonymous_3)
FN:208,(anonymous_4)
FN:212,(anonymous_5)
FNF:6
FNH:6
FNDA:36,FAQ
FNDA:14,(anonymous_1)
FNDA:14,(anonymous_2)
FNDA:216,(anonymous_3)
FNDA:1116,(anonymous_4)
FNDA:14,(anonymous_5)
DA:6,36
DA:8,36
DA:180,36
DA:181,14
DA:188,36
DA:203,216
DA:209,1116
DA:212,14
LF:8
LH:8
BRDA:215,0,0,16
BRDA:215,0,1,1100
BRDA:222,1,0,1116
BRDA:222,1,1,16
BRF:4
BRH:4
end_of_record
TN:
SF:src/pages/Home.jsx
FN:9,Home
FN:208,(anonymous_1)
FN:209,(anonymous_2)
FN:255,(anonymous_3)
FN:286,(anonymous_4)
FN:314,(anonymous_5)
FN:386,(anonymous_6)
FN:443,(anonymous_7)
FN:460,(anonymous_8)
FN:495,(anonymous_9)
FN:498,(anonymous_10)
FN:502,(anonymous_11)
FNF:12
FNH:12
FNDA:49,Home
FNDA:5,(anonymous_1)
FNDA:5,(anonymous_2)
FNDA:192,(anonymous_3)
FNDA:192,(anonymous_4)
FNDA:144,(anonymous_5)
FNDA:192,(anonymous_6)
FNDA:144,(anonymous_7)
FNDA:480,(anonymous_8)
FNDA:48,(anonymous_9)
FNDA:240,(anonymous_10)
FNDA:5,(anonymous_11)
DA:10,49
DA:12,48
DA:66,48
DA:89,48
DA:112,48
DA:135,48
DA:144,48
DA:180,48
DA:208,48
DA:209,5
DA:215,48
DA:256,192
DA:287,192
DA:315,144
DA:387,192
DA:444,144
DA:460,480
DA:496,48
DA:499,240
DA:502,5
LF:20
LH:20
BRDA:505,0,0,5
BRDA:505,0,1,235
BRDA:512,1,0,240
BRDA:512,1,1,5
BRF:4
BRH:4
end_of_record
TN:
SF:src/pages/NotFound.jsx
FN:3,(anonymous_0)
FNF:1
FNH:1
FNDA:10,(anonymous_0)
DA:3,1
DA:4,10
LF:2
LH:2
BRF:0
BRH:0
end_of_record
TN:
SF:src/pages/Privacy.jsx
FN:3,Privacy
FN:131,(anonymous_1)
FNF:2
FNH:2
FNDA:23,Privacy
FNDA:230,(anonymous_1)
DA:4,23
DA:116,23
DA:132,230
LF:3
LH:3
BRF:0
BRH:0
end_of_record
TN:
SF:src/pages/Properties.jsx
FN:7,Properties
FN:100,(anonymous_1)
FN:101,(anonymous_2)
FN:104,(anonymous_3)
FN:137,(anonymous_4)
FN:162,(anonymous_5)
FN:183,(anonymous_6)
FN:199,(anonymous_7)
FN:217,(anonymous_8)
FN:230,(anonymous_9)
FN:241,(anonymous_10)
FN:257,(anonymous_11)
FN:274,(anonymous_12)
FNF:13
FNH:13
FNDA:58,Properties
FNDA:13,(anonymous_1)
FNDA:13,(anonymous_2)
FNDA:174,(anonymous_3)
FNDA:99,(anonymous_4)
FNDA:17,(anonymous_5)
FNDA:1,(anonymous_6)
FNDA:2,(anonymous_7)
FNDA:3,(anonymous_8)
FNDA:1,(anonymous_9)
FNDA:3,(anonymous_10)
FNDA:3,(anonymous_11)
FNDA:152,(anonymous_12)
DA:8,58
DA:9,58
DA:19,58
DA:100,58
DA:101,13
DA:104,58
DA:105,174
DA:106,168
DA:107,163
DA:108,161
DA:110,161
DA:111,3
DA:112,3
DA:113,0
DA:116,158
DA:117,9
DA:118,9
DA:120,3
DA:121,0
DA:123,3
DA:124,2
DA:126,3
DA:127,1
DA:129,0
DA:133,152
DA:137,58
DA:138,99
DA:140,2
DA:142,2
DA:144,4
DA:146,0
DA:148,91
DA:152,58
DA:162,17
DA:183,1
DA:199,2
DA:217,3
DA:230,1
DA:241,3
DA:257,3
DA:275,152
LF:41
LH:37
BRDA:105,0,0,6
BRDA:105,0,1,168
BRDA:105,1,0,174
BRDA:105,1,1,9
BRDA:106,2,0,5
BRDA:106,2,1,163
BRDA:106,3,0,168
BRDA:106,3,1,7
BRDA:107,4,0,2
BRDA:107,4,1,161
BRDA:107,5,0,163
BRDA:107,5,1,3
BRDA:108,6,0,0
BRDA:108,6,1,161
BRDA:108,7,0,161
BRDA:108,7,1,0
BRDA:110,8,0,3
BRDA:110,8,1,158
BRDA:112,9,0,3
BRDA:112,9,1,0
BRDA:112,10,0,3
BRDA:112,10,1,3
BRDA:112,10,2,3
BRDA:113,11,0,0
BRDA:113,11,1,0
BRDA:113,12,0,0
BRDA:113,12,1,0
BRDA:116,13,0,9
BRDA:116,13,1,149
BRDA:118,14,0,3
BRDA:118,14,1,3
BRDA:118,14,2,3
BRDA:118,14,3,0
BRDA:120,15,0,3
BRDA:120,15,1,0
BRDA:123,16,0,1
BRDA:123,16,1,2
BRDA:123,17,0,3
BRDA:123,17,1,3
BRDA:126,18,0,2
BRDA:126,18,1,1
BRDA:138,19,0,2
BRDA:138,19,1,2
BRDA:138,19,2,4
BRDA:138,19,3,0
BRDA:138,19,4,91
BRDA:161,20,0,29
BRDA:161,20,1,29
BRDA:172,21,0,58
BRDA:172,21,1,29
BRF:50
BRH:40
end_of_record
TN:
SF:src/pages/Property3D.jsx
FN:7,App
FN:9,(anonymous_1)
FN:10,(anonymous_2)
FNF:3
FNH:3
FNDA:21,App
FNDA:12,(anonymous_1)
FNDA:12,(anonymous_2)
DA:8,21
DA:9,20
DA:10,12
DA:11,12
DA:14,20
LF:5
LH:5
BRDA:16,0,0,12
BRDA:16,0,1,8
BRF:2
BRH:2
end_of_record
TN:
SF:src/pages/PropertyDetail.jsx
FN:7,PropertyDetail
FN:112,(anonymous_1)
FN:155,(anonymous_2)
FN:209,(anonymous_3)
FNF:4
FNH:4
FNDA:30,PropertyDetail
FNDA:60,(anonymous_1)
FNDA:240,(anonymous_2)
FNDA:120,(anonymous_3)
DA:8,30
DA:10,30
DA:76,30
DA:78,30
DA:113,60
DA:156,240
DA:210,120
LF:7
LH:7
BRF:0
BRH:0
end_of_record
